# JRE version: Java(TM) SE Runtime Environment (8.0_121-b13) (build 1.8.0_121-b13)
# Java VM: Java HotSpot(TM) 64-Bit Server VM (25.121-b13 mixed mode windows-amd64 compressed oops)
Heap:
 PSYoungGen      total 101376K, used 44588K [0x00000000d5d80000, 0x00000000de800000, 0x0000000100000000)
  eden space 90112K, 49% used [0x00000000d5d80000,0x00000000d890b330,0x00000000db580000)
  from space 11264K, 0% used [0x00000000db580000,0x00000000db580000,0x00000000dc080000)
  to   space 11776K, 0% used [0x00000000ddc80000,0x00000000ddc80000,0x00000000de800000)
 ParOldGen       total 62976K, used 14997K [0x0000000081800000, 0x0000000085580000, 0x00000000d5d80000)
  object space 62976K, 23% used [0x0000000081800000,0x00000000826a57a8,0x0000000085580000)
 Metaspace       used 34966K, capacity 36134K, committed 36352K, reserved 1083392K
  class space    used 4722K, capacity 4995K, committed 5120K, reserved 1048576K
GC Heap History (10 events):
Event: 2.772 GC heap before
{Heap before GC invocations=5 (full 1):
 PSYoungGen      total 71680K, used 5111K [0x00000000d5d80000, 0x00000000da880000, 0x0000000100000000)
  eden space 66560K, 0% used [0x00000000d5d80000,0x00000000d5d80000,0x00000000d9e80000)
  from space 5120K, 99% used [0x00000000da380000,0x00000000da87dd38,0x00000000da880000)
  to   space 5120K, 0% used [0x00000000d9e80000,0x00000000d9e80000,0x00000000da380000)
 ParOldGen       total 87552K, used 6956K [0x0000000081800000, 0x0000000086d80000, 0x00000000d5d80000)
  object space 87552K, 7% used [0x0000000081800000,0x0000000081ecb338,0x0000000086d80000)
 Metaspace       used 20565K, capacity 21202K, committed 21296K, reserved 1067008K
  class space    used 2712K, capacity 2895K, committed 2944K, reserved 1048576K
Event: 2.886 GC heap after
Heap after GC invocations=5 (full 1):
 PSYoungGen      total 71680K, used 0K [0x00000000d5d80000, 0x00000000da880000, 0x0000000100000000)
  eden space 66560K, 0% used [0x00000000d5d80000,0x00000000d5d80000,0x00000000d9e80000)
  from space 5120K, 0% used [0x00000000da380000,0x00000000da380000,0x00000000da880000)
  to   space 5120K, 0% used [0x00000000d9e80000,0x00000000d9e80000,0x00000000da380000)
 ParOldGen       total 62976K, used 6625K [0x0000000081800000, 0x0000000085580000, 0x00000000d5d80000)
  object space 62976K, 10% used [0x0000000081800000,0x0000000081e786f8,0x0000000085580000)
 Metaspace       used 20563K, capacity 21196K, committed 21296K, reserved 1067008K
  class space    used 2712K, capacity 2894K, committed 2944K, reserved 1048576K
}
Event: 5.431 GC heap before
{Heap before GC invocations=6 (full 1):
 PSYoungGen      total 71680K, used 66560K [0x00000000d5d80000, 0x00000000da880000, 0x0000000100000000)
  eden space 66560K, 100% used [0x00000000d5d80000,0x00000000d9e80000,0x00000000d9e80000)
  from space 5120K, 0% used [0x00000000da380000,0x00000000da380000,0x00000000da880000)
  to   space 5120K, 0% used [0x00000000d9e80000,0x00000000d9e80000,0x00000000da380000)
 ParOldGen       total 62976K, used 6625K [0x0000000081800000, 0x0000000085580000, 0x00000000d5d80000)
  object space 62976K, 10% used [0x0000000081800000,0x0000000081e786f8,0x0000000085580000)
 Metaspace       used 26540K, capacity 27432K, committed 27648K, reserved 1073152K
  class space    used 3551K, capacity 3768K, committed 3840K, reserved 1048576K
Event: 5.444 GC heap after
Heap after GC invocations=6 (full 1):
 PSYoungGen      total 71680K, used 5114K [0x00000000d5d80000, 0x00000000dca00000, 0x0000000100000000)
  eden space 66560K, 0% used [0x00000000d5d80000,0x00000000d5d80000,0x00000000d9e80000)
  from space 5120K, 99% used [0x00000000d9e80000,0x00000000da37e8c0,0x00000000da380000)
  to   space 9728K, 0% used [0x00000000dc080000,0x00000000dc080000,0x00000000dca00000)
 ParOldGen       total 62976K, used 10165K [0x0000000081800000, 0x0000000085580000, 0x00000000d5d80000)
  object space 62976K, 16% used [0x0000000081800000,0x00000000821ed798,0x0000000085580000)
 Metaspace       used 26540K, capacity 27432K, committed 27648K, reserved 1073152K
  class space    used 3551K, capacity 3768K, committed 3840K, reserved 1048576K
}
Event: 5.993 GC heap before
{Heap before GC invocations=7 (full 1):
 PSYoungGen      total 71680K, used 71674K [0x00000000d5d80000, 0x00000000dca00000, 0x0000000100000000)
  eden space 66560K, 100% used [0x00000000d5d80000,0x00000000d9e80000,0x00000000d9e80000)
  from space 5120K, 99% used [0x00000000d9e80000,0x00000000da37e8c0,0x00000000da380000)
  to   space 9728K, 0% used [0x00000000dc080000,0x00000000dc080000,0x00000000dca00000)
 ParOldGen       total 62976K, used 10165K [0x0000000081800000, 0x0000000085580000, 0x00000000d5d80000)
  object space 62976K, 16% used [0x0000000081800000,0x00000000821ed798,0x0000000085580000)
 Metaspace       used 31403K, capacity 32294K, committed 32640K, reserved 1077248K
  class space    used 4249K, capacity 4465K, committed 4480K, reserved 1048576K
Event: 6.005 GC heap after
Heap after GC invocations=7 (full 1):
 PSYoungGen      total 99840K, used 9722K [0x00000000d5d80000, 0x00000000dcc80000, 0x0000000100000000)
  eden space 90112K, 0% used [0x00000000d5d80000,0x00000000d5d80000,0x00000000db580000)
  from space 9728K, 99% used [0x00000000dc080000,0x00000000dc9feb38,0x00000000dca00000)
  to   space 11264K, 0% used [0x00000000db580000,0x00000000db580000,0x00000000dc080000)
 ParOldGen       total 62976K, used 10553K [0x0000000081800000, 0x0000000085580000, 0x00000000d5d80000)
  object space 62976K, 16% used [0x0000000081800000,0x000000008224e758,0x0000000085580000)
 Metaspace       used 31403K, capacity 32294K, committed 32640K, reserved 1077248K
  class space    used 4249K, capacity 4465K, committed 4480K, reserved 1048576K
}
Event: 9.734 GC heap before
{Heap before GC invocations=8 (full 1):
 PSYoungGen      total 99840K, used 49160K [0x00000000d5d80000, 0x00000000dcc80000, 0x0000000100000000)
  eden space 90112K, 43% used [0x00000000d5d80000,0x00000000d8403670,0x00000000db580000)
  from space 9728K, 99% used [0x00000000dc080000,0x00000000dc9feb38,0x00000000dca00000)
  to   space 11264K, 0% used [0x00000000db580000,0x00000000db580000,0x00000000dc080000)
 ParOldGen       total 62976K, used 10553K [0x0000000081800000, 0x0000000085580000, 0x00000000d5d80000)
  object space 62976K, 16% used [0x0000000081800000,0x000000008224e758,0x0000000085580000)
 Metaspace       used 33907K, capacity 35004K, committed 35072K, reserved 1083392K
  class space    used 4586K, capacity 4846K, committed 4864K, reserved 1048576K
Event: 9.749 GC heap after
Heap after GC invocations=8 (full 1):
 PSYoungGen      total 101376K, used 9950K [0x00000000d5d80000, 0x00000000de800000, 0x0000000100000000)
  eden space 90112K, 0% used [0x00000000d5d80000,0x00000000d5d80000,0x00000000db580000)
  from space 11264K, 88% used [0x00000000db580000,0x00000000dbf37808,0x00000000dc080000)
  to   space 11776K, 0% used [0x00000000ddc80000,0x00000000ddc80000,0x00000000de800000)
 ParOldGen       total 62976K, used 10561K [0x0000000081800000, 0x0000000085580000, 0x00000000d5d80000)
  object space 62976K, 16% used [0x0000000081800000,0x0000000082250758,0x0000000085580000)
 Metaspace       used 33907K, capacity 35004K, committed 35072K, reserved 1083392K
  class space    used 4586K, capacity 4846K, committed 4864K, reserved 1048576K
}
Event: 9.749 GC heap before
{Heap before GC invocations=9 (full 2):
 PSYoungGen      total 101376K, used 9950K [0x00000000d5d80000, 0x00000000de800000, 0x0000000100000000)
  eden space 90112K, 0% used [0x00000000d5d80000,0x00000000d5d80000,0x00000000db580000)
  from space 11264K, 88% used [0x00000000db580000,0x00000000dbf37808,0x00000000dc080000)
  to   space 11776K, 0% used [0x00000000ddc80000,0x00000000ddc80000,0x00000000de800000)
 ParOldGen       total 62976K, used 10561K [0x0000000081800000, 0x0000000085580000, 0x00000000d5d80000)
  object space 62976K, 16% used [0x0000000081800000,0x0000000082250758,0x0000000085580000)
 Metaspace       used 33907K, capacity 35004K, committed 35072K, reserved 1083392K
  class space    used 4586K, capacity 4846K, committed 4864K, reserved 1048576K
Event: 9.897 GC heap after
Heap after GC invocations=9 (full 2):
 PSYoungGen      total 101376K, used 0K [0x00000000d5d80000, 0x00000000de800000, 0x0000000100000000)
  eden space 90112K, 0% used [0x00000000d5d80000,0x00000000d5d80000,0x00000000db580000)
  from space 11264K, 0% used [0x00000000db580000,0x00000000db580000,0x00000000dc080000)
  to   space 11776K, 0% used [0x00000000ddc80000,0x00000000ddc80000,0x00000000de800000)
 ParOldGen       total 62976K, used 14997K [0x0000000081800000, 0x0000000085580000, 0x00000000d5d80000)
  object space 62976K, 23% used [0x0000000081800000,0x00000000826a57a8,0x0000000085580000)
 Metaspace       used 33907K, capacity 35004K, committed 35072K, reserved 1081344K
  class space    used 4586K, capacity 4846K, committed 4864K, reserved 1048576K
}

